<?xml version="1.0" encoding="UTF-8"?>
<!-- Generated by org.testng.reporters.JUnitXMLReporter -->
<testsuite ignored="0" hostname="Yurii" failures="0" tests="5" name="gmail" time="104.83" errors="0" timestamp="2019-05-21T18:11:34 EEST">
  <testcase classname="com.halas.GmailTest" name="testSingInAndGoToSavedMessageAndCheckCorrectAndSendMess" time="45.26"/>
  <testcase classname="com.halas.GmailTest" name="testSingInAndGoToSavedMessageAndCheckCorrectAndSendMess" time="51.565"/>
  <testcase classname="com.halas.GmailTest" name="testSingInAndGoToSavedMessageAndCheckCorrectAndSendMess" time="56.297"/>
  <testcase classname="com.halas.GmailTest" name="testSingInAndGoToSavedMessageAndCheckCorrectAndSendMess" time="28.249"/>
  <testcase classname="com.halas.GmailTest" name="testSingInAndGoToSavedMessageAndCheckCorrectAndSendMess" time="37.975"/>
</testsuite> <!-- gmail -->
