<?xml version="1.0" encoding="UTF-8"?>
<!-- Generated by org.testng.reporters.JUnitXMLReporter -->
<testsuite hostname="DESKTOP-NL8FL3U" ignored="0" tests="5" failures="0" timestamp="2019-05-20T21:06:28 EEST" time="231.425" errors="0">
  <testcase name="LoginTest" time="100.032" classname="TestGmail"/>
  <testcase name="LoginTest" time="100.605" classname="TestGmail"/>
  <testcase name="LoginTest" time="68.545" classname="TestGmail"/>
  <testcase name="LoginTest" time="76.078" classname="TestGmail"/>
  <testcase name="LoginTest" time="48.679" classname="TestGmail"/>
</testsuite>
