<?xml version="1.0" encoding="UTF-8"?>
<testsuite xmlns:xsi="http://www.w3.org/2001/XMLSchema-instance" xsi:noNamespaceSchemaLocation="https://maven.apache.org/surefire/maven-surefire-plugin/xsd/surefire-test-report-3.0.xsd" version="3.0" name="TestSuite" time="107.211" tests="5" errors="0" skipped="0" failures="0">
  <properties>
[...]
</properties>
  <testcase name="testSingInAndGoToSavedMessageAndCheckCorrectAndSendMess" classname="com.halas.GmailTest" time="45.263"/>
  <testcase name="testSingInAndGoToSavedMessageAndCheckCorrectAndSendMess" classname="com.halas.GmailTest" time="50.64"/>
  <testcase name="testSingInAndGoToSavedMessageAndCheckCorrectAndSendMess" classname="com.halas.GmailTest" time="0.772"/>
  <testcase name="testSingInAndGoToSavedMessageAndCheckCorrectAndSendMess" classname="com.halas.GmailTest" time="28.251"/>
  <testcase name="testSingInAndGoToSavedMessageAndCheckCorrectAndSendMess" classname="com.halas.GmailTest" time="33.824"/>
</testsuite>