<?xml version="1.0" encoding="UTF-8"?>
<testng-results skipped="0" failed="0" ignored="0" total="5" passed="5">
  <reporter-output>
  </reporter-output>
  <suite name="Suite1" duration-ms="231425" started-at="2019-05-20T21:02:36 EEST" finished-at="2019-05-20T21:06:28 EEST">
    <groups>
    </groups>
    <test name="LoginTest" duration-ms="231425" started-at="2019-05-20T21:02:36 EEST" finished-at="2019-05-20T21:06:28 EEST">
      <class name="TestGmail">
        <test-method status="PASS" signature="LoginTest(utilits.model.UserModel)[pri:0, instance:TestGmail@3ba9ad43]" name="LoginTest" duration-ms="100032" started-at="2019-05-20T21:02:37 EEST" data-provider="getUsers" finished-at="2019-05-20T21:04:17 EEST">
          <params>
            <param index="0">
              <value>
                <![CDATA[utilits.model.UserModel@12964d66]]>
              </value>
            </param>
          </params>
          <reporter-output>
          </reporter-output>
        </test-method> <!-- LoginTest -->
        <test-method status="PASS" signature="LoginTest(utilits.model.UserModel)[pri:0, instance:TestGmail@3ba9ad43]" name="LoginTest" duration-ms="100605" started-at="2019-05-20T21:02:37 EEST" data-provider="getUsers" finished-at="2019-05-20T21:04:17 EEST">
          <params>
            <param index="0">
              <value>
                <![CDATA[utilits.model.UserModel@4a3493f4]]>
              </value>
            </param>
          </params>
          <reporter-output>
          </reporter-output>
        </test-method> <!-- LoginTest -->
        <test-method status="PASS" signature="tearDown()[pri:0, instance:TestGmail@3ba9ad43]" name="tearDown" is-config="true" duration-ms="2904" started-at="2019-05-20T21:04:17 EEST" finished-at="2019-05-20T21:04:20 EEST">
          <reporter-output>
          </reporter-output>
        </test-method> <!-- tearDown -->
        <test-method status="PASS" signature="tearDown()[pri:0, instance:TestGmail@3ba9ad43]" name="tearDown" is-config="true" duration-ms="2273" started-at="2019-05-20T21:04:17 EEST" finished-at="2019-05-20T21:04:20 EEST">
          <reporter-output>
          </reporter-output>
        </test-method> <!-- tearDown -->
        <test-method status="PASS" signature="LoginTest(utilits.model.UserModel)[pri:0, instance:TestGmail@3ba9ad43]" name="LoginTest" duration-ms="76078" started-at="2019-05-20T21:04:20 EEST" data-provider="getUsers" finished-at="2019-05-20T21:05:36 EEST">
          <params>
            <param index="0">
              <value>
                <![CDATA[utilits.model.UserModel@1175e93b]]>
              </value>
            </param>
          </params>
          <reporter-output>
          </reporter-output>
        </test-method> <!-- LoginTest -->
        <test-method status="PASS" signature="LoginTest(utilits.model.UserModel)[pri:0, instance:TestGmail@3ba9ad43]" name="LoginTest" duration-ms="68545" started-at="2019-05-20T21:04:20 EEST" data-provider="getUsers" finished-at="2019-05-20T21:05:28 EEST">
          <params>
            <param index="0">
              <value>
                <![CDATA[utilits.model.UserModel@1d7a5e9d]]>
              </value>
            </param>
          </params>
          <reporter-output>
          </reporter-output>
        </test-method> <!-- LoginTest -->
        <test-method status="PASS" signature="tearDown()[pri:0, instance:TestGmail@3ba9ad43]" name="tearDown" is-config="true" duration-ms="9648" started-at="2019-05-20T21:05:28 EEST" finished-at="2019-05-20T21:05:38 EEST">
          <reporter-output>
          </reporter-output>
        </test-method> <!-- tearDown -->
        <test-method status="PASS" signature="tearDown()[pri:0, instance:TestGmail@3ba9ad43]" name="tearDown" is-config="true" duration-ms="1622" started-at="2019-05-20T21:05:36 EEST" finished-at="2019-05-20T21:05:37 EEST">
          <reporter-output>
          </reporter-output>
        </test-method> <!-- tearDown -->
        <test-method status="PASS" signature="LoginTest(utilits.model.UserModel)[pri:0, instance:TestGmail@3ba9ad43]" name="LoginTest" duration-ms="48679" started-at="2019-05-20T21:05:37 EEST" data-provider="getUsers" finished-at="2019-05-20T21:06:26 EEST">
          <params>
            <param index="0">
              <value>
                <![CDATA[utilits.model.UserModel@3c90c544]]>
              </value>
            </param>
          </params>
          <reporter-output>
          </reporter-output>
        </test-method> <!-- LoginTest -->
        <test-method status="PASS" signature="tearDown()[pri:0, instance:TestGmail@3ba9ad43]" name="tearDown" is-config="true" duration-ms="1575" started-at="2019-05-20T21:06:26 EEST" finished-at="2019-05-20T21:06:28 EEST">
          <reporter-output>
          </reporter-output>
        </test-method> <!-- tearDown -->
      </class> <!-- TestGmail -->
    </test> <!-- LoginTest -->
  </suite> <!-- Suite1 -->
</testng-results>
