<?xml version="1.0" encoding="UTF-8"?>
<!-- Generated by org.testng.reporters.JUnitXMLReporter -->
<testsuite ignored="0" hostname="Yurii" failures="0" tests="5" name="Command line test" time="113.627" errors="0" timestamp="2019-06-03T12:13:48 EEST">
  <testcase classname="com.halas.GmailTest" name="testSingInAndGoToSavedMessageAndCheckCorrectAndSendMess" time="73.819"/>
  <testcase classname="com.halas.GmailTest" name="testSingInAndGoToSavedMessageAndCheckCorrectAndSendMess" time="75.389"/>
  <testcase classname="com.halas.GmailTest" name="testSingInAndGoToSavedMessageAndCheckCorrectAndSendMess" time="87.665"/>
  <testcase classname="com.halas.GmailTest" name="testSingInAndGoToSavedMessageAndCheckCorrectAndSendMess" time="95.651"/>
  <testcase classname="com.halas.GmailTest" name="testSingInAndGoToSavedMessageAndCheckCorrectAndSendMess" time="96.218"/>
</testsuite> <!-- Command line test -->
