<?xml version="1.0" encoding="UTF-8"?>
<testng-results ignored="0" total="5" passed="4" failed="1" skipped="0">
  <reporter-output>
  </reporter-output>
  <suite started-at="2019-05-30T21:12:40 EEST" name="Gradle suite" finished-at="2019-05-30T21:14:33 EEST" duration-ms="113481">
    <groups>
    </groups>
    <test started-at="2019-05-30T21:12:40 EEST" name="Gradle test" finished-at="2019-05-30T21:14:33 EEST" duration-ms="113481">
      <class name="GmailPageTest">
        <test-method is-config="true" signature="setUp()[pri:0, instance:GmailPageTest@1addb9b3]" started-at="2019-05-30T21:12:40 EEST" name="setUp" finished-at="2019-05-30T21:12:50 EEST" duration-ms="10280" status="PASS">
          <reporter-output>
          </reporter-output>
        </test-method> <!-- setUp -->
        <test-method is-config="true" signature="setUp()[pri:0, instance:GmailPageTest@1addb9b3]" started-at="2019-05-30T21:12:40 EEST" name="setUp" finished-at="2019-05-30T21:12:50 EEST" duration-ms="10504" status="PASS">
          <reporter-output>
          </reporter-output>
        </test-method> <!-- setUp -->
        <test-method is-config="true" signature="setUp()[pri:0, instance:GmailPageTest@1addb9b3]" started-at="2019-05-30T21:12:40 EEST" name="setUp" finished-at="2019-05-30T21:12:50 EEST" duration-ms="10548" status="PASS">
          <reporter-output>
          </reporter-output>
        </test-method> <!-- setUp -->
        <test-method is-config="true" signature="setUp()[pri:0, instance:GmailPageTest@1addb9b3]" started-at="2019-05-30T21:12:40 EEST" name="setUp" finished-at="2019-05-30T21:12:50 EEST" duration-ms="10108" status="PASS">
          <reporter-output>
          </reporter-output>
        </test-method> <!-- setUp -->
        <test-method is-config="true" signature="setUp()[pri:0, instance:GmailPageTest@1addb9b3]" started-at="2019-05-30T21:12:40 EEST" name="setUp" finished-at="2019-05-30T21:12:50 EEST" duration-ms="10520" status="PASS">
          <reporter-output>
          </reporter-output>
        </test-method> <!-- setUp -->
        <test-method signature="correctlySavedDataTest(java.lang.String, java.lang.String, java.lang.String, java.lang.String, java.lang.String)[pri:0, instance:GmailPageTest@1addb9b3]" started-at="2019-05-30T21:12:50 EEST" name="correctlySavedDataTest" data-provider="loginData" finished-at="2019-05-30T21:14:32 EEST" duration-ms="101897" status="PASS">
          <params>
            <param index="0">
              <value>
                <![CDATA[1401test2705@gmail.com]]>
              </value>
            </param>
            <param index="1">
              <value>
                <![CDATA[1401198n]]>
              </value>
            </param>
            <param index="2">
              <value>
                <![CDATA[stepankish@gmail.com]]>
              </value>
            </param>
            <param index="3">
              <value>
                <![CDATA[Test5]]>
              </value>
            </param>
            <param index="4">
              <value>
                <![CDATA[To my viber account]]>
              </value>
            </param>
          </params>
          <reporter-output>
          </reporter-output>
        </test-method> <!-- correctlySavedDataTest -->
        <test-method signature="correctlySavedDataTest(java.lang.String, java.lang.String, java.lang.String, java.lang.String, java.lang.String)[pri:0, instance:GmailPageTest@1addb9b3]" started-at="2019-05-30T21:12:50 EEST" name="correctlySavedDataTest" data-provider="loginData" finished-at="2019-05-30T21:13:55 EEST" duration-ms="64764" status="FAIL">
          <params>
            <param index="0">
              <value>
                <![CDATA[1234454n@gmail.com]]>
              </value>
            </param>
            <param index="1">
              <value>
                <![CDATA[1401198n]]>
              </value>
            </param>
            <param index="2">
              <value>
                <![CDATA[stepankish@gmail.com]]>
              </value>
            </param>
            <param index="3">
              <value>
                <![CDATA[Test1]]>
              </value>
            </param>
            <param index="4">
              <value>
                <![CDATA[Hello my friend]]>
              </value>
            </param>
          </params>
          <exception class="org.openqa.selenium.TimeoutException">
            <message>
              <![CDATA[Expected condition failed: waiting for element to be clickable: By.name: password (tried for 30 second(s) with 500 milliseconds interval)
Build info: version: '3.13.0', revision: '2f0d292', time: '2018-06-25T15:24:21.231Z'
System info: host: 'MOY-PC', ip: '192.168.1.6', os.name: 'Windows 10', os.arch: 'amd64', os.version: '10.0', java.version: '12.0.1'
Driver info: org.openqa.selenium.chrome.ChromeDriver
Capabilities {acceptInsecureCerts: false, acceptSslCerts: false, applicationCacheEnabled: false, browserConnectionEnabled: false, browserName: chrome, chrome: {chromedriverVersion: 74.0.3729.6 (255758eccf3d24..., userDataDir: C:\TEMP\scoped_dir7852_19671}, cssSelectorsEnabled: true, databaseEnabled: false, goog:chromeOptions: {debuggerAddress: localhost:50013}, handlesAlerts: true, hasTouchScreen: false, javascriptEnabled: true, locationContextEnabled: true, mobileEmulationEnabled: false, nativeEvents: true, networkConnectionEnabled: false, pageLoadStrategy: normal, platform: XP, platformName: XP, proxy: Proxy(), rotatable: false, setWindowRect: true, strictFileInteractability: false, takesHeapSnapshot: true, takesScreenshot: true, timeouts: {implicit: 0, pageLoad: 300000, script: 30000}, unexpectedAlertBehaviour: ignore, unhandledPromptBehavior: ignore, version: 74.0.3729.169, webStorageEnabled: true}
Session ID: dbd85f557c8c2a114e0289dedded1a6b]]>
            </message>
            <full-stacktrace>
              <![CDATA[org.openqa.selenium.TimeoutException: Expected condition failed: waiting for element to be clickable: By.name: password (tried for 30 second(s) with 500 milliseconds interval)
Build info: version: '3.13.0', revision: '2f0d292', time: '2018-06-25T15:24:21.231Z'
System info: host: 'MOY-PC', ip: '192.168.1.6', os.name: 'Windows 10', os.arch: 'amd64', os.version: '10.0', java.version: '12.0.1'
Driver info: org.openqa.selenium.chrome.ChromeDriver
Capabilities {acceptInsecureCerts: false, acceptSslCerts: false, applicationCacheEnabled: false, browserConnectionEnabled: false, browserName: chrome, chrome: {chromedriverVersion: 74.0.3729.6 (255758eccf3d24..., userDataDir: C:\TEMP\scoped_dir7852_19671}, cssSelectorsEnabled: true, databaseEnabled: false, goog:chromeOptions: {debuggerAddress: localhost:50013}, handlesAlerts: true, hasTouchScreen: false, javascriptEnabled: true, locationContextEnabled: true, mobileEmulationEnabled: false, nativeEvents: true, networkConnectionEnabled: false, pageLoadStrategy: normal, platform: XP, platformName: XP, proxy: Proxy(), rotatable: false, setWindowRect: true, strictFileInteractability: false, takesHeapSnapshot: true, takesScreenshot: true, timeouts: {implicit: 0, pageLoad: 300000, script: 30000}, unexpectedAlertBehaviour: ignore, unhandledPromptBehavior: ignore, version: 74.0.3729.169, webStorageEnabled: true}
Session ID: dbd85f557c8c2a114e0289dedded1a6b
at org.openqa.selenium.support.ui.WebDriverWait.timeoutException(WebDriverWait.java:81)
at org.openqa.selenium.support.ui.FluentWait.until(FluentWait.java:271)
at pages.LoginPage.typePassword(LoginPage.java:31)
at business.LoginPageBO.login(LoginPageBO.java:14)
at GmailPageTest.correctlySavedDataTest(GmailPageTest.java:32)
at java.base/jdk.internal.reflect.NativeMethodAccessorImpl.invoke0(Native Method)
at java.base/jdk.internal.reflect.NativeMethodAccessorImpl.invoke(NativeMethodAccessorImpl.java:62)
at java.base/jdk.internal.reflect.DelegatingMethodAccessorImpl.invoke(DelegatingMethodAccessorImpl.java:43)
at java.base/java.lang.reflect.Method.invoke(Method.java:567)
at org.testng.internal.MethodInvocationHelper.invokeMethod(MethodInvocationHelper.java:131)
at org.testng.internal.TestInvoker.invokeMethod(TestInvoker.java:570)
at org.testng.internal.TestInvoker.invokeTestMethod(TestInvoker.java:170)
at org.testng.internal.TestMethodWithDataProviderMethodWorker.call(TestMethodWithDataProviderMethodWorker.java:77)
at org.testng.internal.TestMethodWithDataProviderMethodWorker.call(TestMethodWithDataProviderMethodWorker.java:15)
at java.base/java.util.concurrent.FutureTask.run(FutureTask.java:264)
at java.base/java.util.concurrent.Executors$RunnableAdapter.call(Executors.java:515)
at java.base/java.util.concurrent.FutureTask.run(FutureTask.java:264)
at java.base/java.util.concurrent.ThreadPoolExecutor.runWorker(ThreadPoolExecutor.java:1128)
at java.base/java.util.concurrent.ThreadPoolExecutor$Worker.run(ThreadPoolExecutor.java:628)
at java.base/java.lang.Thread.run(Thread.java:835)
]]>
            </full-stacktrace>
          </exception> <!-- org.openqa.selenium.TimeoutException -->
          <reporter-output>
          </reporter-output>
        </test-method> <!-- correctlySavedDataTest -->
        <test-method signature="correctlySavedDataTest(java.lang.String, java.lang.String, java.lang.String, java.lang.String, java.lang.String)[pri:0, instance:GmailPageTest@1addb9b3]" started-at="2019-05-30T21:12:50 EEST" name="correctlySavedDataTest" data-provider="loginData" finished-at="2019-05-30T21:14:25 EEST" duration-ms="95301" status="PASS">
          <params>
            <param index="0">
              <value>
                <![CDATA[4323234n@gmail.com]]>
              </value>
            </param>
            <param index="1">
              <value>
                <![CDATA[2705197n]]>
              </value>
            </param>
            <param index="2">
              <value>
                <![CDATA[stepankish@gmail.com]]>
              </value>
            </param>
            <param index="3">
              <value>
                <![CDATA[Test3]]>
              </value>
            </param>
            <param index="4">
              <value>
                <![CDATA[If you like this]]>
              </value>
            </param>
          </params>
          <reporter-output>
          </reporter-output>
        </test-method> <!-- correctlySavedDataTest -->
        <test-method signature="correctlySavedDataTest(java.lang.String, java.lang.String, java.lang.String, java.lang.String, java.lang.String)[pri:0, instance:GmailPageTest@1addb9b3]" started-at="2019-05-30T21:12:50 EEST" name="correctlySavedDataTest" data-provider="loginData" finished-at="2019-05-30T21:14:24 EEST" duration-ms="93537" status="PASS">
          <params>
            <param index="0">
              <value>
                <![CDATA[4225643n@gmail.com]]>
              </value>
            </param>
            <param index="1">
              <value>
                <![CDATA[2705197n]]>
              </value>
            </param>
            <param index="2">
              <value>
                <![CDATA[stepankish@gmail.com]]>
              </value>
            </param>
            <param index="3">
              <value>
                <![CDATA[Test4]]>
              </value>
            </param>
            <param index="4">
              <value>
                <![CDATA[Please send me your answer]]>
              </value>
            </param>
          </params>
          <reporter-output>
          </reporter-output>
        </test-method> <!-- correctlySavedDataTest -->
        <test-method signature="correctlySavedDataTest(java.lang.String, java.lang.String, java.lang.String, java.lang.String, java.lang.String)[pri:0, instance:GmailPageTest@1addb9b3]" started-at="2019-05-30T21:12:50 EEST" name="correctlySavedDataTest" data-provider="loginData" finished-at="2019-05-30T21:14:32 EEST" duration-ms="102029" status="PASS">
          <params>
            <param index="0">
              <value>
                <![CDATA[3242123n@gmail.com]]>
              </value>
            </param>
            <param index="1">
              <value>
                <![CDATA[1401198n]]>
              </value>
            </param>
            <param index="2">
              <value>
                <![CDATA[stepankish@gmail.com]]>
              </value>
            </param>
            <param index="3">
              <value>
                <![CDATA[Test2]]>
              </value>
            </param>
            <param index="4">
              <value>
                <![CDATA[Please read the text below]]>
              </value>
            </param>
          </params>
          <reporter-output>
          </reporter-output>
        </test-method> <!-- correctlySavedDataTest -->
        <test-method is-config="true" signature="tearDown()[pri:0, instance:GmailPageTest@1addb9b3]" started-at="2019-05-30T21:13:55 EEST" name="tearDown" finished-at="2019-05-30T21:13:57 EEST" duration-ms="2512" status="PASS">
          <reporter-output>
          </reporter-output>
        </test-method> <!-- tearDown -->
        <test-method is-config="true" signature="tearDown()[pri:0, instance:GmailPageTest@1addb9b3]" started-at="2019-05-30T21:14:24 EEST" name="tearDown" finished-at="2019-05-30T21:14:24 EEST" duration-ms="676" status="PASS">
          <reporter-output>
          </reporter-output>
        </test-method> <!-- tearDown -->
        <test-method is-config="true" signature="tearDown()[pri:0, instance:GmailPageTest@1addb9b3]" started-at="2019-05-30T21:14:25 EEST" name="tearDown" finished-at="2019-05-30T21:14:26 EEST" duration-ms="664" status="PASS">
          <reporter-output>
          </reporter-output>
        </test-method> <!-- tearDown -->
        <test-method is-config="true" signature="tearDown()[pri:0, instance:GmailPageTest@1addb9b3]" started-at="2019-05-30T21:14:32 EEST" name="tearDown" finished-at="2019-05-30T21:14:32 EEST" duration-ms="732" status="PASS">
          <reporter-output>
          </reporter-output>
        </test-method> <!-- tearDown -->
        <test-method is-config="true" signature="tearDown()[pri:0, instance:GmailPageTest@1addb9b3]" started-at="2019-05-30T21:14:32 EEST" name="tearDown" finished-at="2019-05-30T21:14:33 EEST" duration-ms="736" status="PASS">
          <reporter-output>
          </reporter-output>
        </test-method> <!-- tearDown -->
      </class> <!-- GmailPageTest -->
    </test> <!-- Gradle test -->
  </suite> <!-- Gradle suite -->
</testng-results>
